<?xml version="1.0" encoding="UTF-8"?>
<!-- Generated by org.testng.reporters.JUnitReportReporter -->
<testsuite skipped="0" hostname="HP840G3-2192" name="com.papercutNG.login.MenuTest" tests="1" failures="0" timestamp="07 Feb 2019 16:41:31 GMT" time="16.264" errors="0">
  <testcase name="Menu_Links_TC_01" time="16.264" classname="com.papercutNG.login.MenuTest"/>
</testsuite> <!-- com.papercutNG.login.MenuTest -->
