<?xml version="1.0" encoding="UTF-8"?>
<!-- Generated by org.testng.reporters.JUnitReportReporter -->
<testsuite skipped="0" hostname="HP840G3-2192" name="com.papercutNG.login.LoginTest" tests="1" failures="0" timestamp="07 Feb 2019 17:46:35 GMT" time="18.304" errors="0">
  <testcase name="Login_Test_TC_01" time="18.304" classname="com.papercutNG.login.LoginTest"/>
</testsuite> <!-- com.papercutNG.login.LoginTest -->
