<?xml version="1.0" encoding="UTF-8"?>
<!-- Generated by org.testng.reporters.JUnitReportReporter -->
<testsuite skipped="0" hostname="HP840G3-2192" name="com.papercutNG.dashboard.DashboardTest" tests="1" failures="0" timestamp="07 Feb 2019 17:46:35 GMT" time="16.509" errors="0">
  <testcase name="Dashboard_TC_03" time="16.509" classname="com.papercutNG.dashboard.DashboardTest"/>
</testsuite> <!-- com.papercutNG.dashboard.DashboardTest -->
