<?xml version="1.0" encoding="UTF-8"?>
<!-- Generated by org.testng.reporters.JUnitReportReporter -->
<testsuite skipped="0" hostname="HP840G3-2192" name="com.papercutNG.dashboard.MenuTest" tests="1" failures="0" timestamp="07 Feb 2019 18:07:54 GMT" time="18.557" errors="0">
  <testcase name="Menu_Links_TC_02" time="18.557" classname="com.papercutNG.dashboard.MenuTest"/>
</testsuite> <!-- com.papercutNG.dashboard.MenuTest -->
