<?xml version="1.0" encoding="UTF-8"?>
<!-- Generated by org.testng.reporters.JUnitReportReporter -->
<testsuite skipped="0" hostname="HP840G3-2192" name="com.papercutNG.dashboard.DashboardTest" tests="2" failures="0" timestamp="07 Feb 2019 18:07:54 GMT" time="34.186" errors="0">
  <testcase name="Dashboard_TC_03" time="16.866" classname="com.papercutNG.dashboard.DashboardTest"/>
  <testcase name="Dashboard_TC_04" time="17.320" classname="com.papercutNG.dashboard.DashboardTest"/>
</testsuite> <!-- com.papercutNG.dashboard.DashboardTest -->
